<?xml version="1.0" encoding="UTF-8"?>
<!-- Generated by org.testng.reporters.JUnitReportReporter -->
<testsuite skipped="0" hostname="DESKTOP-AB9JGRN" name="FunctionalTesting.PostRequestAutomation" tests="1" failures="0" timestamp="08 Feb 2022 17:07:43 GMT" time="2.040" errors="0">
  <testcase name="postmethodvalidation" time="2.040" classname="FunctionalTesting.PostRequestAutomation"/>
</testsuite> <!-- FunctionalTesting.PostRequestAutomation -->
