<?xml version="1.0" encoding="UTF-8"?>
<!-- Generated by org.testng.reporters.JUnitReportReporter -->
<testsuite skipped="0" hostname="DESKTOP-AB9JGRN" name="FunctionalTesting.GetRequestAutomation" tests="1" failures="0" timestamp="08 Feb 2022 16:02:48 GMT" time="1.662" errors="0">
  <testcase name="getmethodvalidation" time="1.662" classname="FunctionalTesting.GetRequestAutomation"/>
</testsuite> <!-- FunctionalTesting.GetRequestAutomation -->
