<?xml version="1.0" encoding="UTF-8"?>
<!-- Generated by org.testng.reporters.JUnitReportReporter -->
<testsuite skipped="0" hostname="DESKTOP-AB9JGRN" name="FunctionalTesting.APIRequestAutomation" tests="2" failures="0" timestamp="08 Feb 2022 17:52:46 GMT" time="2.717" errors="0">
  <testcase name="getmethodvalidation" time="1.788" classname="FunctionalTesting.APIRequestAutomation"/>
  <testcase name="postmethodvalidation" time="0.929" classname="FunctionalTesting.APIRequestAutomation"/>
</testsuite> <!-- FunctionalTesting.APIRequestAutomation -->
