<?xml version="1.0" encoding="UTF-8"?>
<!-- Generated by org.testng.reporters.JUnitReportReporter -->
<testsuite skipped="0" hostname="DESKTOP-AB9JGRN" name="FunctionalTesting.APIRequestAutomation" tests="2" failures="0" timestamp="08 Feb 2022 18:44:41 GMT" time="3.859" errors="0">
  <testcase name="postmethodvalidation" time="1.165" classname="FunctionalTesting.APIRequestAutomation"/>
  <testcase name="getmethodvalidation" time="2.694" classname="FunctionalTesting.APIRequestAutomation"/>
</testsuite> <!-- FunctionalTesting.APIRequestAutomation -->
